<?xml version="1.0" encoding="UTF-8"?>
<!-- Generated by org.testng.reporters.JUnitXMLReporter -->
<testsuite hostname="Rana-pc45" ignored="0" name="Default test" tests="4" failures="0" timestamp="11 Oct 2020 06:54:53 GMT" time="16.052" errors="0">
  <testcase name="Open_DWS_HomePage" time="5.128" classname="com.dbs.test.dbwHomePageTest"/>
  <testcase name="setToLoginPage" time="0.567" classname="com.dbs.test.dbwLoginPageTest"/>
  <testcase name="LoginPage" time="0.802" classname="com.dbs.test.dbwLoginPageTest"/>
  <testcase name="Process" time="9.526" classname="com.dbs.test.dbwOrderCreationTest"/>
</testsuite> <!-- Default test -->
