<?xml version="1.0" encoding="UTF-8"?>
<!-- Generated by org.testng.reporters.JUnitXMLReporter -->
<testsuite hostname="Rana-pc45" ignored="0" name="Command line test" tests="4" failures="0" timestamp="11 Oct 2020 06:25:15 GMT" time="13.566" errors="0">
  <testcase name="Open_DWS_HomePage" time="2.371" classname="com.dbs.test.dbwHomePageTest"/>
  <testcase name="setToLoginPage" time="0.555" classname="com.dbs.test.dbwLoginPageTest"/>
  <testcase name="LoginPage" time="0.806" classname="com.dbs.test.dbwLoginPageTest"/>
  <testcase name="Process" time="9.815" classname="com.dbs.test.dbwOrderCreationTest"/>
</testsuite> <!-- Command line test -->
