<?xml version="1.0" encoding="UTF-8"?>
<!-- Generated by org.testng.reporters.JUnitXMLReporter -->
<testsuite hostname="Rana-pc45" ignored="0" name="SmokeTest" tests="4" failures="0" timestamp="11 Oct 2020 06:26:09 GMT" time="13.732" errors="0">
  <testcase name="Open_DWS_HomePage" time="2.016" classname="com.dbs.test.dbwHomePageTest"/>
  <testcase name="setToLoginPage" time="0.5" classname="com.dbs.test.dbwLoginPageTest"/>
  <testcase name="LoginPage" time="1.885" classname="com.dbs.test.dbwLoginPageTest"/>
  <testcase name="Process" time="9.3" classname="com.dbs.test.dbwOrderCreationTest"/>
</testsuite> <!-- SmokeTest -->
