<?xml version="1.0" encoding="UTF-8"?>
<testng-results skipped="0" failed="0" ignored="0" total="4" passed="4">
  <reporter-output>
  </reporter-output>
  <suite name="Command line suite" duration-ms="13566" started-at="2020-10-11T06:25:01Z" finished-at="2020-10-11T06:25:15Z">
    <groups>
    </groups>
    <test name="Command line test" duration-ms="13566" started-at="2020-10-11T06:25:01Z" finished-at="2020-10-11T06:25:15Z">
      <class name="com.dbs.test.dbwLoginPageTest">
        <test-method status="PASS" signature="setToLoginPage()[pri:2, instance:com.dbs.test.dbwLoginPageTest@6b143ee9]" name="setToLoginPage" duration-ms="555" started-at="2020-10-11T06:25:04Z" description="Navigate to Login Page" finished-at="2020-10-11T06:25:04Z">
          <reporter-output>
          </reporter-output>
        </test-method> <!-- setToLoginPage -->
        <test-method status="PASS" signature="LoginPage()[pri:3, instance:com.dbs.test.dbwLoginPageTest@6b143ee9]" name="LoginPage" duration-ms="806" started-at="2020-10-11T06:25:04Z" description="Access Login Page" finished-at="2020-10-11T06:25:05Z">
          <reporter-output>
          </reporter-output>
        </test-method> <!-- LoginPage -->
      </class> <!-- com.dbs.test.dbwLoginPageTest -->
      <class name="com.dbs.test.dbwOrderCreationTest">
        <test-method status="PASS" signature="Process()[pri:4, instance:com.dbs.test.dbwOrderCreationTest@1936f0f5]" name="Process" duration-ms="9815" started-at="2020-10-11T06:25:05Z" description="Create Order Process" finished-at="2020-10-11T06:25:15Z">
          <reporter-output>
          </reporter-output>
        </test-method> <!-- Process -->
      </class> <!-- com.dbs.test.dbwOrderCreationTest -->
      <class name="com.dbs.test.dbwBasePageTest">
        <test-method status="PASS" signature="BeforeSuit()[pri:0, instance:com.dbs.test.dbwBasePageTest@47f6473]" name="BeforeSuit" is-config="true" duration-ms="6490" started-at="2020-10-11T06:24:55Z" finished-at="2020-10-11T06:25:01Z">
          <reporter-output>
          </reporter-output>
        </test-method> <!-- BeforeSuit -->
        <test-method status="PASS" signature="AfterSuit()[pri:0, instance:com.dbs.test.dbwBasePageTest@47f6473]" name="AfterSuit" is-config="true" duration-ms="769" started-at="2020-10-11T06:25:15Z" finished-at="2020-10-11T06:25:16Z">
          <reporter-output>
          </reporter-output>
        </test-method> <!-- AfterSuit -->
      </class> <!-- com.dbs.test.dbwBasePageTest -->
      <class name="com.dbs.test.dbwHomePageTest">
        <test-method status="PASS" signature="Open_DWS_HomePage()[pri:1, instance:com.dbs.test.dbwHomePageTest@15975490]" name="Open_DWS_HomePage" duration-ms="2371" started-at="2020-10-11T06:25:01Z" description="Open DWS_HomePage" finished-at="2020-10-11T06:25:04Z">
          <reporter-output>
          </reporter-output>
        </test-method> <!-- Open_DWS_HomePage -->
      </class> <!-- com.dbs.test.dbwHomePageTest -->
    </test> <!-- Command line test -->
  </suite> <!-- Command line suite -->
</testng-results>
