<?xml version="1.0" encoding="UTF-8" ?>
<testsuite tests="4" failures="0" name="TestSuite" time="13.544" errors="0" skipped="0">
  <properties>
[...]
</properties>
  <testcase classname="com.dbs.test.dbwHomePageTest" name="Open_DWS_HomePage" time="2.381"/>
  <testcase classname="com.dbs.test.dbwLoginPageTest" name="setToLoginPage" time="0.543"/>
  <testcase classname="com.dbs.test.dbwLoginPageTest" name="LoginPage" time="0.806"/>
  <testcase classname="com.dbs.test.dbwOrderCreationTest" name="Process" time="9.814"/>
</testsuite>