<?xml version="1.0" encoding="UTF-8"?>
<testng-results skipped="0" failed="0" ignored="0" total="4" passed="4">
  <reporter-output>
  </reporter-output>
  <suite name="Default suite" duration-ms="16052" started-at="2020-10-11T06:54:36Z" finished-at="2020-10-11T06:54:53Z">
    <groups>
    </groups>
    <test name="Default test" duration-ms="16052" started-at="2020-10-11T06:54:36Z" finished-at="2020-10-11T06:54:53Z">
      <class name="com.dbs.test.dbwLoginPageTest">
        <test-method status="PASS" signature="setToLoginPage()[pri:2, instance:com.dbs.test.dbwLoginPageTest@57fffcd7]" name="setToLoginPage" duration-ms="567" started-at="2020-10-11T06:54:42Z" description="Navigate to Login Page" finished-at="2020-10-11T06:54:42Z">
          <reporter-output>
          </reporter-output>
        </test-method> <!-- setToLoginPage -->
        <test-method status="PASS" signature="LoginPage()[pri:3, instance:com.dbs.test.dbwLoginPageTest@57fffcd7]" name="LoginPage" duration-ms="802" started-at="2020-10-11T06:54:42Z" description="Access Login Page" finished-at="2020-10-11T06:54:43Z">
          <reporter-output>
          </reporter-output>
        </test-method> <!-- LoginPage -->
      </class> <!-- com.dbs.test.dbwLoginPageTest -->
      <class name="com.dbs.test.dbwBasePageTest">
        <test-method status="PASS" signature="BeforeSuit()[pri:0, instance:com.dbs.test.dbwBasePageTest@3abbfa04]" name="BeforeSuit" is-config="true" duration-ms="6412" started-at="2020-10-11T06:54:30Z" finished-at="2020-10-11T06:54:36Z">
          <reporter-output>
          </reporter-output>
        </test-method> <!-- BeforeSuit -->
        <test-method status="PASS" signature="AfterSuit()[pri:0, instance:com.dbs.test.dbwBasePageTest@3abbfa04]" name="AfterSuit" is-config="true" duration-ms="728" started-at="2020-10-11T06:54:53Z" finished-at="2020-10-11T06:54:53Z">
          <reporter-output>
          </reporter-output>
        </test-method> <!-- AfterSuit -->
      </class> <!-- com.dbs.test.dbwBasePageTest -->
      <class name="com.dbs.test.dbwOrderCreationTest">
        <test-method status="PASS" signature="Process()[pri:4, instance:com.dbs.test.dbwOrderCreationTest@31ef45e3]" name="Process" duration-ms="9526" started-at="2020-10-11T06:54:43Z" description="Create Order Process" finished-at="2020-10-11T06:54:53Z">
          <reporter-output>
          </reporter-output>
        </test-method> <!-- Process -->
      </class> <!-- com.dbs.test.dbwOrderCreationTest -->
      <class name="com.dbs.test.dbwHomePageTest">
        <test-method status="PASS" signature="Open_DWS_HomePage()[pri:1, instance:com.dbs.test.dbwHomePageTest@598067a5]" name="Open_DWS_HomePage" duration-ms="5128" started-at="2020-10-11T06:54:36Z" description="Open DWS_HomePage" finished-at="2020-10-11T06:54:42Z">
          <reporter-output>
          </reporter-output>
        </test-method> <!-- Open_DWS_HomePage -->
      </class> <!-- com.dbs.test.dbwHomePageTest -->
    </test> <!-- Default test -->
  </suite> <!-- Default suite -->
</testng-results>
